c:\users\glebd\source\repos\intergalacticjump\x64\debug\vc141.pdb
c:\users\glebd\source\repos\intergalacticjump\x64\debug\vc141.idb
c:\users\glebd\source\repos\intergalacticjump\x64\debug\textfield.obj
c:\users\glebd\source\repos\intergalacticjump\x64\debug\scoretable.obj
c:\users\glebd\source\repos\intergalacticjump\x64\debug\mainmenu.obj
c:\users\glebd\source\repos\intergalacticjump\x64\debug\main.obj
c:\users\glebd\source\repos\intergalacticjump\x64\debug\entities.obj
c:\users\glebd\source\repos\intergalacticjump\x64\debug\vc140.pdb
c:\users\glebd\source\repos\intergalacticjump\x64\debug\vc140.idb
c:\users\glebd\source\repos\intergalacticjump\x64\debug\inputresult.obj
c:\users\glebd\source\repos\intergalacticjump\x64\debug\gameprocess.obj
c:\users\glebd\source\repos\intergalacticjump\x64\debug\settingsmenu.obj
c:\users\glebd\source\repos\intergalacticjump\x64\debug\controlmenu.obj
c:\users\glebd\source\repos\intergalacticjump\x64\debug\intergalacticjump.ilk
c:\users\glebd\source\repos\intergalacticjump\x64\debug\intergalacticjump.exe
c:\users\glebd\source\repos\intergalacticjump\x64\debug\intergalacticjump.pdb
c:\users\miron\source\repos\intergalacticjump\x64\debug\controlmenu.obj
c:\users\miron\source\repos\intergalacticjump\x64\debug\entities.obj
c:\users\miron\source\repos\intergalacticjump\x64\debug\gameprocess.obj
c:\users\miron\source\repos\intergalacticjump\x64\debug\inputresult.obj
c:\users\miron\source\repos\intergalacticjump\x64\debug\main.obj
c:\users\miron\source\repos\intergalacticjump\x64\debug\mainmenu.obj
c:\users\miron\source\repos\intergalacticjump\x64\debug\scoretable.obj
c:\users\miron\source\repos\intergalacticjump\x64\debug\settingsmenu.obj
c:\users\miron\source\repos\intergalacticjump\x64\debug\textfield.obj
c:\users\miron\source\repos\intergalacticjump\x64\debug\intergalacticjump.ilk
c:\users\miron\source\repos\intergalacticjump\x64\debug\vc140.idb
c:\users\miron\source\repos\intergalacticjump\x64\debug\vc141.idb
c:\users\miron\source\repos\intergalacticjump\x64\debug\intergalacticjump.pdb
c:\users\miron\source\repos\intergalacticjump\x64\debug\vc140.pdb
c:\users\miron\source\repos\intergalacticjump\x64\debug\vc141.pdb
c:\users\miron\source\repos\intergalacticjump\x64\debug\intergalacticjump.exe
c:\users\miron\source\repos\intergalacticjump\x64\debug\intergal.29f6a2d9.tlog\cl.command.1.tlog
c:\users\miron\source\repos\intergalacticjump\x64\debug\intergal.29f6a2d9.tlog\cl.read.1.tlog
c:\users\miron\source\repos\intergalacticjump\x64\debug\intergal.29f6a2d9.tlog\cl.write.1.tlog
c:\users\miron\source\repos\intergalacticjump\x64\debug\intergal.29f6a2d9.tlog\link.command.1.tlog
c:\users\miron\source\repos\intergalacticjump\x64\debug\intergal.29f6a2d9.tlog\link.read.1.tlog
c:\users\miron\source\repos\intergalacticjump\x64\debug\intergal.29f6a2d9.tlog\link.write.1.tlog
