  main.cpp
c:\users\miron\source\repos\intergalacticjump\entities.h(25): warning C4244: аргумент: преобразование "int" в "float", возможна потеря данных
c:\users\miron\source\repos\intergalacticjump\entities.h(50): warning C4551: в вызове функции отсутствует список аргументов
c:\users\miron\source\repos\intergalacticjump\entities.h(52): warning C4305: =: усечение из "double" в "float"
c:\users\miron\source\repos\intergalacticjump\entities.h(56): warning C4305: =: усечение из "double" в "float"
c:\users\miron\source\repos\intergalacticjump\entities.h(74): warning C4244: +=: преобразование "float" в "int", возможна потеря данных
c:\users\miron\source\repos\intergalacticjump\entities.h(96): warning C4244: =: преобразование "int" в "float", возможна потеря данных
c:\users\miron\source\repos\intergalacticjump\entities.h(98): warning C4244: =: преобразование "double" в "float", возможна потеря данных
c:\users\miron\source\repos\intergalacticjump\entities.h(100): warning C4244: =: преобразование "double" в "float", возможна потеря данных
c:\users\miron\source\repos\intergalacticjump\entities.h(124): warning C4305: =: усечение из "double" в "float"
c:\users\miron\source\repos\intergalacticjump\entities.h(134): warning C4244: +=: преобразование "double" в "float", возможна потеря данных
c:\users\miron\source\repos\intergalacticjump\main.cpp(11): warning C4244: аргумент: преобразование "time_t" в "unsigned int", возможна потеря данных
  MainMenu.cpp
c:\users\miron\source\repos\intergalacticjump\entities.h(25): warning C4244: аргумент: преобразование "int" в "float", возможна потеря данных
c:\users\miron\source\repos\intergalacticjump\entities.h(50): warning C4551: в вызове функции отсутствует список аргументов
c:\users\miron\source\repos\intergalacticjump\entities.h(52): warning C4305: =: усечение из "double" в "float"
c:\users\miron\source\repos\intergalacticjump\entities.h(56): warning C4305: =: усечение из "double" в "float"
c:\users\miron\source\repos\intergalacticjump\entities.h(74): warning C4244: +=: преобразование "float" в "int", возможна потеря данных
c:\users\miron\source\repos\intergalacticjump\entities.h(96): warning C4244: =: преобразование "int" в "float", возможна потеря данных
c:\users\miron\source\repos\intergalacticjump\entities.h(98): warning C4244: =: преобразование "double" в "float", возможна потеря данных
c:\users\miron\source\repos\intergalacticjump\entities.h(100): warning C4244: =: преобразование "double" в "float", возможна потеря данных
c:\users\miron\source\repos\intergalacticjump\entities.h(124): warning C4305: =: усечение из "double" в "float"
c:\users\miron\source\repos\intergalacticjump\entities.h(134): warning C4244: +=: преобразование "double" в "float", возможна потеря данных
  GameProcess.cpp
c:\users\miron\source\repos\intergalacticjump\entities.h(25): warning C4244: аргумент: преобразование "int" в "float", возможна потеря данных
c:\users\miron\source\repos\intergalacticjump\entities.h(50): warning C4551: в вызове функции отсутствует список аргументов
c:\users\miron\source\repos\intergalacticjump\entities.h(52): warning C4305: =: усечение из "double" в "float"
c:\users\miron\source\repos\intergalacticjump\entities.h(56): warning C4305: =: усечение из "double" в "float"
c:\users\miron\source\repos\intergalacticjump\entities.h(74): warning C4244: +=: преобразование "float" в "int", возможна потеря данных
c:\users\miron\source\repos\intergalacticjump\entities.h(96): warning C4244: =: преобразование "int" в "float", возможна потеря данных
c:\users\miron\source\repos\intergalacticjump\entities.h(98): warning C4244: =: преобразование "double" в "float", возможна потеря данных
c:\users\miron\source\repos\intergalacticjump\entities.h(100): warning C4244: =: преобразование "double" в "float", возможна потеря данных
c:\users\miron\source\repos\intergalacticjump\entities.h(124): warning C4305: =: усечение из "double" в "float"
c:\users\miron\source\repos\intergalacticjump\entities.h(134): warning C4244: +=: преобразование "double" в "float", возможна потеря данных
c:\users\miron\source\repos\intergalacticjump\gameprocess.cpp(62): warning C4244: инициализация: преобразование "sf::Int64" в "float", возможна потеря данных
c:\users\miron\source\repos\intergalacticjump\gameprocess.cpp(64): warning C4244: +=: преобразование "float" в "long", возможна потеря данных
c:\users\miron\source\repos\intergalacticjump\gameprocess.cpp(117): warning C4390: ";": обнаружен пустой контролируемый оператор; это правильно?
  Создание кода...
c:\users\miron\source\repos\intergalacticjump\mainmenu.cpp(83): warning C4715: create_menu: значение возвращается не при всех путях выполнения
  IntergalacticJump.vcxproj -> C:\Users\miron\source\repos\IntergalacticJump\x64\Debug\IntergalacticJump.exe
  IntergalacticJump.vcxproj -> C:\Users\miron\source\repos\IntergalacticJump\x64\Debug\IntergalacticJump.pdb (Full PDB)
